<?xml version="1.0" encoding="UTF-8"?>
<!-- Generated by org.testng.reporters.JUnitReportReporter -->
<testsuite skipped="3" hostname="RABINDRA-PC" name="com.selenium.framework.datadriven.suiteB.Test1" tests="4" failures="0" timestamp="22 Dec 2018 07:51:02 GMT" time="0.294" errors="0">
  <testcase name="test1" time="0.091" classname="com.selenium.framework.datadriven.suiteB.Test1">
    <skipped/>
  </testcase> <!-- test1 -->
  <testcase name="test1" time="0.120" classname="com.selenium.framework.datadriven.suiteB.Test1">
    <skipped/>
  </testcase> <!-- test1 -->
  <testcase name="test1" time="0.048" classname="com.selenium.framework.datadriven.suiteB.Test1"/>
  <testcase name="test1" time="0.035" classname="com.selenium.framework.datadriven.suiteB.Test1">
    <skipped/>
  </testcase> <!-- test1 -->
</testsuite> <!-- com.selenium.framework.datadriven.suiteB.Test1 -->
