<?xml version="1.0" encoding="UTF-8"?>
<!-- Generated by org.testng.reporters.JUnitReportReporter -->
<testsuite skipped="0" hostname="RABINDRA-PC" name="com.selenium.framework.datadriven.suiteA.Test2" tests="1" failures="0" timestamp="22 Dec 2018 07:51:02 GMT" time="0.054" errors="0">
  <testcase name="test2" time="0.054" classname="com.selenium.framework.datadriven.suiteA.Test2"/>
</testsuite> <!-- com.selenium.framework.datadriven.suiteA.Test2 -->
