<?xml version="1.0" encoding="UTF-8"?>
<!-- Generated by org.testng.reporters.JUnitReportReporter -->
<testsuite skipped="1" hostname="RABINDRA-PC" name="com.selenium.framework.datadriven.suiteA.Test1" tests="4" failures="0" timestamp="22 Dec 2018 07:51:02 GMT" time="0.243" errors="0">
  <testcase name="test1" time="0.046" classname="com.selenium.framework.datadriven.suiteA.Test1"/>
  <testcase name="test1" time="0.094" classname="com.selenium.framework.datadriven.suiteA.Test1"/>
  <testcase name="test1" time="0.053" classname="com.selenium.framework.datadriven.suiteA.Test1">
    <skipped/>
  </testcase> <!-- test1 -->
  <testcase name="test1" time="0.050" classname="com.selenium.framework.datadriven.suiteA.Test1"/>
</testsuite> <!-- com.selenium.framework.datadriven.suiteA.Test1 -->
