<?xml version="1.0" encoding="UTF-8"?>
<!-- Generated by org.testng.reporters.JUnitReportReporter -->
<testsuite skipped="0" hostname="RABINDRA-PC" name="com.selenium.framework.datadriven.suiteA.Test3" tests="1" failures="0" timestamp="18 Dec 2018 19:16:38 GMT" time="0.000" errors="0">
  <testcase name="test3" time="0.000" classname="com.selenium.framework.datadriven.suiteA.Test3"/>
</testsuite> <!-- com.selenium.framework.datadriven.suiteA.Test3 -->
