<?xml version="1.0" encoding="UTF-8"?>
<!-- Generated by org.testng.reporters.JUnitReportReporter -->
<testsuite skipped="0" hostname="RABINDRA-PC" name="com.selenium.framework.datadriven.AppTest" tests="1" failures="0" timestamp="18 Dec 2018 12:43:16 GMT" time="0.009" errors="0">
  <testcase name="shouldAnswerWithTrue" time="0.009" classname="com.selenium.framework.datadriven.AppTest"/>
</testsuite> <!-- com.selenium.framework.datadriven.AppTest -->
