<?xml version="1.0" encoding="UTF-8"?>
<!-- Generated by org.testng.reporters.JUnitReportReporter -->
<testsuite skipped="0" hostname="RABINDRA-PC" name="com.selenium.framework.datadriven.suiteA.Test1" tests="4" failures="0" timestamp="18 Dec 2018 19:16:38 GMT" time="0.249" errors="0">
  <testcase name="test1" time="0.055" classname="com.selenium.framework.datadriven.suiteA.Test1"/>
  <testcase name="test1" time="0.057" classname="com.selenium.framework.datadriven.suiteA.Test1"/>
  <testcase name="test1" time="0.080" classname="com.selenium.framework.datadriven.suiteA.Test1"/>
  <testcase name="test1" time="0.057" classname="com.selenium.framework.datadriven.suiteA.Test1"/>
</testsuite> <!-- com.selenium.framework.datadriven.suiteA.Test1 -->
